<?xml version="1.0" encoding="UTF-8"?>
<!-- Generated by org.testng.reporters.JUnitXMLReporter -->
<testsuite ignored="0" hostname="LAPTOP-J1GQLQSO" failures="0" tests="3" name="Login Tests" time="94.228" errors="0" timestamp="2026-03-05T12:34:01 IST">
  <testcase classname="com.ram.tests.LoginTest" name="loginTest" time="9.827"/>
  <testcase classname="com.ram.tests.LoginTest" name="loginTest" time="10.896"/>
  <testcase classname="com.ram.tests.LogoutTest" name="logoutTest" time="27.919"/>
</testsuite> <!-- Login Tests -->
