<?xml version="1.0" encoding="UTF-8"?>
<testng-results ignored="0" total="3" passed="3" failed="0" skipped="0">
  <reporter-output>
  </reporter-output>
  <suite started-at="2026-03-05T12:32:27 IST" name="OrangeHRM Suite" finished-at="2026-03-05T12:34:01 IST" duration-ms="94228">
    <groups>
    </groups>
    <test started-at="2026-03-05T12:32:27 IST" name="Login Tests" finished-at="2026-03-05T12:34:01 IST" duration-ms="94228">
      <class name="com.ram.tests.LogoutTest">
        <test-method is-config="true" signature="setup()[pri:0, instance:com.ram.tests.LogoutTest@433defed]" started-at="2026-03-05T12:33:16 IST" name="setup" finished-at="2026-03-05T12:33:33 IST" duration-ms="17287" status="PASS">
          <reporter-output>
          </reporter-output>
        </test-method> <!-- setup -->
        <test-method signature="logoutTest()[pri:0, instance:com.ram.tests.LogoutTest@433defed]" started-at="2026-03-05T12:33:33 IST" name="logoutTest" finished-at="2026-03-05T12:34:01 IST" duration-ms="27919" status="PASS">
          <reporter-output>
          </reporter-output>
        </test-method> <!-- logoutTest -->
        <test-method is-config="true" signature="teardown()[pri:0, instance:com.ram.tests.LogoutTest@433defed]" started-at="2026-03-05T12:34:01 IST" name="teardown" finished-at="2026-03-05T12:34:01 IST" duration-ms="475" status="PASS">
          <reporter-output>
          </reporter-output>
        </test-method> <!-- teardown -->
      </class> <!-- com.ram.tests.LogoutTest -->
      <class name="com.ram.tests.LoginTest">
        <test-method is-config="true" signature="setup()[pri:0, instance:com.ram.tests.LoginTest@cc43f62]" started-at="2026-03-05T12:32:27 IST" name="setup" finished-at="2026-03-05T12:32:41 IST" duration-ms="13877" status="PASS">
          <reporter-output>
          </reporter-output>
        </test-method> <!-- setup -->
        <test-method signature="loginTest(java.lang.String,java.lang.String)[pri:0, instance:com.ram.tests.LoginTest@cc43f62]" started-at="2026-03-05T12:32:41 IST" name="loginTest" data-provider="loginData" finished-at="2026-03-05T12:32:51 IST" duration-ms="9827" status="PASS">
          <params>
            <param index="0">
              <value>
                <![CDATA[Admin]]>
              </value>
            </param>
            <param index="1">
              <value>
                <![CDATA[admin123]]>
              </value>
            </param>
          </params>
          <reporter-output>
          </reporter-output>
        </test-method> <!-- loginTest -->
        <test-method is-config="true" signature="teardown()[pri:0, instance:com.ram.tests.LoginTest@cc43f62]" started-at="2026-03-05T12:32:51 IST" name="teardown" finished-at="2026-03-05T12:32:52 IST" duration-ms="580" status="PASS">
          <reporter-output>
          </reporter-output>
        </test-method> <!-- teardown -->
        <test-method is-config="true" signature="setup()[pri:0, instance:com.ram.tests.LoginTest@cc43f62]" started-at="2026-03-05T12:32:52 IST" name="setup" finished-at="2026-03-05T12:33:04 IST" duration-ms="12677" status="PASS">
          <reporter-output>
          </reporter-output>
        </test-method> <!-- setup -->
        <test-method signature="loginTest(java.lang.String,java.lang.String)[pri:0, instance:com.ram.tests.LoginTest@cc43f62]" started-at="2026-03-05T12:33:04 IST" name="loginTest" data-provider="loginData" finished-at="2026-03-05T12:33:15 IST" duration-ms="10896" status="PASS">
          <params>
            <param index="0">
              <value>
                <![CDATA[Admin]]>
              </value>
            </param>
            <param index="1">
              <value>
                <![CDATA[wrongPass]]>
              </value>
            </param>
          </params>
          <reporter-output>
          </reporter-output>
        </test-method> <!-- loginTest -->
        <test-method is-config="true" signature="teardown()[pri:0, instance:com.ram.tests.LoginTest@cc43f62]" started-at="2026-03-05T12:33:15 IST" name="teardown" finished-at="2026-03-05T12:33:16 IST" duration-ms="573" status="PASS">
          <reporter-output>
          </reporter-output>
        </test-method> <!-- teardown -->
      </class> <!-- com.ram.tests.LoginTest -->
    </test> <!-- Login Tests -->
  </suite> <!-- OrangeHRM Suite -->
</testng-results>
