<?xml version="1.0" encoding="UTF-8"?>
<testng-results ignored="0" total="1" passed="1" failed="0" skipped="0">
  <reporter-output>
  </reporter-output>
  <suite started-at="2026-03-04T20:34:58 IST" name="Default suite" finished-at="2026-03-04T20:35:15 IST" duration-ms="17789">
    <groups>
    </groups>
    <test started-at="2026-03-04T20:34:58 IST" name="Default test" finished-at="2026-03-04T20:35:15 IST" duration-ms="17789">
      <class name="com.ram.tests.LogoutTest">
        <test-method is-config="true" signature="setup()[pri:0, instance:com.ram.tests.LogoutTest@742ff096]" started-at="2026-03-04T20:34:58 IST" name="setup" finished-at="2026-03-04T20:35:07 IST" duration-ms="9669" status="PASS">
          <reporter-output>
          </reporter-output>
        </test-method> <!-- setup -->
        <test-method signature="logoutTest()[pri:0, instance:com.ram.tests.LogoutTest@742ff096]" started-at="2026-03-04T20:35:07 IST" name="logoutTest" finished-at="2026-03-04T20:35:15 IST" duration-ms="7313" status="PASS">
          <reporter-output>
          </reporter-output>
        </test-method> <!-- logoutTest -->
        <test-method is-config="true" signature="teardown()[pri:0, instance:com.ram.tests.LogoutTest@742ff096]" started-at="2026-03-04T20:35:15 IST" name="teardown" finished-at="2026-03-04T20:35:15 IST" duration-ms="703" status="PASS">
          <reporter-output>
          </reporter-output>
        </test-method> <!-- teardown -->
      </class> <!-- com.ram.tests.LogoutTest -->
    </test> <!-- Default test -->
  </suite> <!-- Default suite -->
</testng-results>
